TN:
SF:Scripts\advanced.js
FN:1,pow
FN:5,modulo
FNF:2
FNH:2
FNDA:18,pow
FNDA:16,modulo
DA:2,18
DA:6,16
DA:7,0
DA:9,16
DA:12,3
LF:5
LH:4
BRDA:6,0,0,0
BRDA:6,0,1,16
BRF:2
BRH:1
end_of_record
TN:
SF:Scripts\basic.js
FN:1,add
FN:4,subtract
FN:7,multiply
FN:10,divide
FNF:4
FNH:4
FNDA:37,add
FNDA:19,subtract
FNDA:37,multiply
FNDA:23,divide
DA:2,37
DA:5,19
DA:8,37
DA:11,23
DA:12,0
DA:14,23
DA:16,3
LF:7
LH:6
BRDA:11,0,0,0
BRDA:11,0,1,23
BRF:2
BRH:1
end_of_record
TN:
SF:Scripts\custom.js
FN:4,calculateElectricityBill
FNF:1
FNH:1
FNDA:9,calculateElectricityBill
DA:1,2
DA:2,2
DA:5,9
DA:6,2
DA:8,7
DA:9,0
DA:12,7
DA:14,7
DA:15,4
DA:16,3
DA:17,2
DA:18,2
DA:19,2
DA:20,2
DA:22,1
DA:23,1
DA:24,1
DA:25,1
DA:26,1
DA:29,7
DA:30,7
DA:31,7
DA:32,7
DA:33,7
DA:35,7
DA:36,7
DA:37,3
DA:38,3
DA:39,3
DA:42,7
DA:45,2
LF:31
LH:30
BRDA:4,0,0,0
BRDA:5,1,0,2
BRDA:5,1,1,7
BRDA:5,2,0,9
BRDA:5,2,1,8
BRDA:5,2,2,7
BRDA:8,3,0,0
BRDA:8,3,1,7
BRDA:8,4,0,7
BRDA:8,4,1,7
BRDA:8,4,2,7
BRDA:14,5,0,4
BRDA:14,5,1,3
BRDA:16,6,0,2
BRDA:16,6,1,1
BRDA:36,7,0,3
BRDA:36,7,1,4
BRF:17
BRH:15
end_of_record
