<?xml version="1.0" encoding="UTF-8"?>
<coverage generated="1781243260583" clover="3.2.0">
  <project timestamp="1781243260583" name="All files">
    <metrics statements="8" coveredstatements="8" conditionals="0" coveredconditionals="0" methods="6" coveredmethods="6" elements="14" coveredelements="14" complexity="0" loc="8" ncloc="8" packages="1" files="2" classes="2"/>
    <file name="advanced.js" path="D:\Programming\LabTasks\Sem 8 SWE 4806 SVV\lab2_calculator_210042161\src\advanced.js">
      <metrics statements="3" coveredstatements="3" conditionals="0" coveredconditionals="0" methods="2" coveredmethods="2"/>
      <line num="2" count="16" type="stmt"/>
      <line num="5" count="16" type="stmt"/>
      <line num="8" count="1" type="stmt"/>
    </file>
    <file name="basic.js" path="D:\Programming\LabTasks\Sem 8 SWE 4806 SVV\lab2_calculator_210042161\src\basic.js">
      <metrics statements="5" coveredstatements="5" conditionals="0" coveredconditionals="0" methods="4" coveredmethods="4"/>
      <line num="2" count="16" type="stmt"/>
      <line num="5" count="16" type="stmt"/>
      <line num="8" count="16" type="stmt"/>
      <line num="11" count="16" type="stmt"/>
      <line num="14" count="1" type="stmt"/>
    </file>
  </project>
</coverage>
